<?xml version="1.0" encoding="UTF-8"?>
<!-- Generated by org.testng.reporters.JUnitReportReporter -->
<testsuite skipped="0" hostname="Hasee-PC" name="seleniumWithTestNG.TestWithPriority" tests="4" failures="0" timestamp="02 Jul 2017 12:22:54 GMT" time="0.026" errors="0">
  <testcase name="startEngine" time="0.004" classname="seleniumWithTestNG.TestWithPriority"/>
  <testcase name="putFirstGear" time="0.007" classname="seleniumWithTestNG.TestWithPriority"/>
  <testcase name="putSecondGear" time="0.007" classname="seleniumWithTestNG.TestWithPriority"/>
  <testcase name="putThirdGear" time="0.008" classname="seleniumWithTestNG.TestWithPriority"/>
</testsuite> <!-- seleniumWithTestNG.TestWithPriority -->
