<?xml version="1.0" encoding="UTF-8"?>
<!-- Generated by org.testng.reporters.JUnitReportReporter -->
<testsuite skipped="0" hostname="Hasee-PC" name="seleniumWithTestNG.HandlingDependents" tests="3" failures="0" timestamp="04 Jul 2017 16:04:28 GMT" time="0.031" errors="0">
  <testcase name="haveKids" time="0.000" classname="seleniumWithTestNG.HandlingDependents"/>
  <testcase name="findAGirlAndFallInLove" time="0.031" classname="seleniumWithTestNG.HandlingDependents"/>
  <testcase name="getMarried" time="0.000" classname="seleniumWithTestNG.HandlingDependents"/>
</testsuite> <!-- seleniumWithTestNG.HandlingDependents -->
