<?xml version="1.0" encoding="UTF-8"?>
<!-- Generated by org.testng.reporters.JUnitReportReporter -->
<testsuite skipped="0" hostname="Hasee-PC" name="seleniumWithTestNG.GroupTest" tests="4" failures="0" timestamp="05 Jul 2017 15:54:17 GMT" time="0.048" errors="0">
  <testcase name="mi2" time="0.010" classname="seleniumWithTestNG.GroupTest"/>
  <testcase name="apple1" time="0.030" classname="seleniumWithTestNG.GroupTest"/>
  <testcase name="apple2" time="0.004" classname="seleniumWithTestNG.GroupTest"/>
  <testcase name="mi1" time="0.004" classname="seleniumWithTestNG.GroupTest"/>
</testsuite> <!-- seleniumWithTestNG.GroupTest -->
