<?xml version="1.0" encoding="UTF-8"?>
<!-- Generated by org.testng.reporters.JUnitReportReporter -->
<testsuite skipped="1" hostname="Hasee-PC" name="seleniumWithTestNG.SkipTest" tests="6" failures="0" timestamp="02 Jul 2017 12:22:54 GMT" time="0.025" errors="0">
  <testcase name="wearSeatBelt" time="0.004" classname="seleniumWithTestNG.SkipTest"/>
  <testcase name="startEngine" time="0.007" classname="seleniumWithTestNG.SkipTest"/>
  <testcase name="putFirstGear" time="0.003" classname="seleniumWithTestNG.SkipTest"/>
  <testcase name="putSecondGear" time="0.007" classname="seleniumWithTestNG.SkipTest"/>
  <testcase name="putThirdGear" time="0.004" classname="seleniumWithTestNG.SkipTest"/>
  <testcase name="turnOnMusic" classname="seleniumWithTestNG.SkipTest">
    <skipped/>
  </testcase> <!-- turnOnMusic -->
</testsuite> <!-- seleniumWithTestNG.SkipTest -->
