<?xml version="1.0" encoding="UTF-8"?>
<!-- Generated by org.testng.reporters.JUnitXMLReporter -->
<testsuite hostname="Hasee-PC" ignored="0" name="Default test" tests="8" failures="0" timestamp="05 Jul 2017 15:53:17 GMT" time="0.26" errors="0">
  <testcase name="apple1" time="0.077" classname="seleniumWithTestNG.GroupTest"/>
  <testcase name="apple2" time="0.006" classname="seleniumWithTestNG.GroupTest"/>
  <testcase name="lenova1" time="0.006" classname="seleniumWithTestNG.GroupTest"/>
  <testcase name="lenova2" time="0.006" classname="seleniumWithTestNG.GroupTest"/>
  <testcase name="mi1" time="0.005" classname="seleniumWithTestNG.GroupTest"/>
  <testcase name="mi2" time="0.006" classname="seleniumWithTestNG.GroupTest"/>
  <testcase name="motog1" time="0.006" classname="seleniumWithTestNG.GroupTest"/>
  <testcase name="motog2" time="0.005" classname="seleniumWithTestNG.GroupTest"/>
</testsuite> <!-- Default test -->
