<?xml version="1.0" encoding="UTF-8"?>
<!-- Generated by org.testng.reporters.JUnitXMLReporter -->
<testsuite hostname="Hasee-PC" ignored="4" name="Group Test" tests="4" failures="0" timestamp="05 Jul 2017 15:54:16 GMT" time="0.145" errors="0">
  <testcase name="apple1" time="0.03" classname="seleniumWithTestNG.GroupTest"/>
  <testcase name="apple2" time="0.004" classname="seleniumWithTestNG.GroupTest"/>
  <testcase name="mi1" time="0.004" classname="seleniumWithTestNG.GroupTest"/>
  <testcase name="mi2" time="0.01" classname="seleniumWithTestNG.GroupTest"/>
  <testcase name="lenova2" time="0.0" classname="seleniumWithTestNG.GroupTest">
    <ignored/>
  </testcase> <!-- lenova2 -->
  <testcase name="motog2" time="0.0" classname="seleniumWithTestNG.GroupTest">
    <ignored/>
  </testcase> <!-- motog2 -->
  <testcase name="motog1" time="0.0" classname="seleniumWithTestNG.GroupTest">
    <ignored/>
  </testcase> <!-- motog1 -->
  <testcase name="lenova1" time="0.0" classname="seleniumWithTestNG.GroupTest">
    <ignored/>
  </testcase> <!-- lenova1 -->
</testsuite> <!-- Group Test -->
