<?xml version="1.0" encoding="UTF-8"?>
<testng-results skipped="0" failed="0" ignored="0" total="1" passed="1">
  <reporter-output>
  </reporter-output>
  <suite name="Default suite" duration-ms="28614" started-at="2017-06-07T15:21:59Z" finished-at="2017-06-07T15:22:28Z">
    <groups>
    </groups>
    <test name="Default test" duration-ms="28614" started-at="2017-06-07T15:21:59Z" finished-at="2017-06-07T15:22:28Z">
      <class name="ramya.OpenGoogle">
        <test-method status="PASS" signature="openGoogle()[pri:0, instance:ramya.OpenGoogle@56dfcb]" name="openGoogle" duration-ms="28520" started-at="2017-06-07T20:51:59Z" finished-at="2017-06-07T20:52:28Z">
          <reporter-output>
          </reporter-output>
        </test-method> <!-- openGoogle -->
      </class> <!-- ramya.OpenGoogle -->
    </test> <!-- Default test -->
  </suite> <!-- Default suite -->
</testng-results>
